[weconsult.webflow.io/index.html]
[backblue.gif]
[fade.gif]
[index.html]
[assets.website-files.com/64ca211f22062fd3870f5523/css/weconsult.webflow.228fd21b7.css]
[assets.website-files.com/64ca211f22062fd3870f5523/64cef359bafd7aaafa126e57_32.png]
[assets.website-files.com/64ca211f22062fd3870f5523/64cef35bb8a6b3413bf1a4e8_256.png]
[weconsult.webflow.io/homepage/home-a.html]
[weconsult.webflow.io/homepage/home-b.html]
[weconsult.webflow.io/homepage/home-c.html]
[weconsult.webflow.io/about/about-a.html]
[weconsult.webflow.io/about/about-b.html]
[weconsult.webflow.io/about/about-c.html]
[weconsult.webflow.io/contact/contact-a.html]
[weconsult.webflow.io/contact/contact-b.html]
[weconsult.webflow.io/contact/contact-c.html]
[weconsult.webflow.io/case-studies.html]
[weconsult.webflow.io/blog.html]
[weconsult.webflow.io/careers.html]
[weconsult.webflow.io/template/style-guide.html]
[weconsult.webflow.io/template/changelog.html]
[weconsult.webflow.io/case-studies/consulting-nestle-on-their-online-advertising.html]
[weconsult.webflow.io/product/ux-design-consulting.html]
[d3e54v103j8qbb.cloudfront.net/js/jquery-3.5.1.min.dc5e7f18c89d2b.js]
[weconsult.webflow.io/index.html]
[assets.website-files.com/64ca211f22062fd3870f5523/css/weconsult.webflow.228fd21b7.css]
[assets.website-files.com/64ca211f22062fd3870f5523/js/webflow.b453d442d.js]
[assets.website-files.com/64ca211f22062fd3870f5523/64cafa4fbe10e70a88e969e1_Slider One.jpg]
[assets.website-files.com/64ca211f22062fd3870f5523/64cb00776b542a2d3a81b61a_contactone.jpg]
[weconsult.webflow.io/case-studies/growing-pepsico-online-sales-though-online-marketing.html]
[weconsult.webflow.io/case-studies/how-i-improved-deliveroo-onboarding-experience.html]
[weconsult.webflow.io/homepage/home-a.html]
[assets.website-files.com/64ca211f22062fd3870f5523/64cb0d1ed4f6301b86c52720_63dd48976d641128f28d9857_FabricReel-transcode-poster-00001.jpg]
[assets.website-files.com/64ca231d75fa52f0b6aeb5a4/64ca2340609bf789e8fb48e7_64bb455a40139f5a579f821b_646342b4e7aab6e3325d8d80_Blog%25202-min.jpg]
[assets.website-files.com/64ca231d75fa52f0b6aeb5a4/64ca2340614122bec1f0ca25_64bb455acff74b8dc45f2537_646342b4e7aab6e3325d8db2_Blog%25201-min.jpg]
[weconsult.webflow.io/blog/illustrations-in-graphic-design.html]
[assets.website-files.com/64ca231d75fa52f0b6aeb5a4/64ca2340a567661c3b1bf240_64bb455ae17c11a72e420edd_646342b4e7aab6e3325d8e53_Blog%25206-min.jpg]
[weconsult.webflow.io/homepage/home-b.html]
[weconsult.webflow.io/homepage/home-c.html]
[weconsult.webflow.io/about/about-a.html]
[weconsult.webflow.io/about/about-b.html]
[weconsult.webflow.io/about/about-c.html]
[weconsult.webflow.io/contact/contact-a.html]
[weconsult.webflow.io/contact/contact-b.html]
[weconsult.webflow.io/contact/contact-c.html]
[weconsult.webflow.io/case-studies/helping-slack-to-add-new-features-that-will-attract-millenials.html]
[weconsult.webflow.io/case-studies.html]
[assets.website-files.com/64ca231d75fa52f0b6aeb5a4/64ca2341d6bd92e03c6fb6a0_64bb455afd2a4cab9f69572d_646342b4e7aab6e3325d8e51_boxed-water-is-better-5vOXf1Frn18-unsplash.jpg]
[assets.website-files.com/64ca231d75fa52f0b6aeb5a4/64ca2341fa42377c28936736_64bb455ae5a03b7a7eb573e4_646342b4e7aab6e3325d8d96_Blog%25203-min.jpg]
[weconsult.webflow.io/blog.html]
[weconsult.webflow.io/careers/product-manager.html]
[weconsult.webflow.io/careers/graphic-designer.html]
[weconsult.webflow.io/careers/front-end-developer.html]
[weconsult.webflow.io/careers.html]
[weconsult.webflow.io/template/style-guide.html]
[weconsult.webflow.io/careers/ai-developer.html]
[weconsult.webflow.io/template/changelog.html]
[weconsult.webflow.io/case-studies/consulting-nestle-on-their-online-advertising.html]
[weconsult.webflow.io/product/ux-design-consulting.html]
[weconsult.webflow.io/checkout.html]
[weconsult.webflow.io/case-studies/growing-pepsico-online-sales-though-online-marketing.html]
[weconsult.webflow.io/case-studies/how-i-improved-deliveroo-onboarding-experience.html]
[weconsult.webflow.io/blog/illustrations-in-graphic-design.html]
[weconsult.webflow.io/case-studies/helping-slack-to-add-new-features-that-will-attract-millenials.html]
[weconsult.webflow.io/careers/product-manager.html]
[weconsult.webflow.io/careers/graphic-designer.html]
[weconsult.webflow.io/careers/front-end-developer.html]
[weconsult.webflow.io/careers/ai-developer.html]
[weconsult.webflow.io/checkout.html]
[weconsult.webflow.io/pricing.html]
[weconsult.webflow.io/legal.html]
[weconsult.webflow.io/template/licenses.html]
[weconsult.webflow.io/template/start-here.html]
[weconsult.webflow.io/blog/color-in-your-brand-identity.html]
[weconsult.webflow.io/careers/project-manager.html]
[weconsult.webflow.io/404.html]
[weconsult.webflow.io/401.html]
[weconsult.webflow.io/search.html]
[weconsult.webflow.io/case-studies/helping-the-morning-show-to-come-up-with-branding.html]
[weconsult.webflow.io/homepage/_https_/assets.website-files.com/64bb42abdc15a767d7d13b49/64bdbb637424858fa6698b2f_63dd48976d641128f28d9857_FabricReel-transcode-poster-00001.html]
[weconsult.webflow.io/blog/cohesive-brand-identity.html]
[weconsult.webflow.io/blog/typography-in-your-designs.html]
[weconsult.webflow.io/about/_https_/assets.website-files.com/64bb42abdc15a767d7d13b49/64bdbb637424858fa6698b2f_63dd48976d641128f28d9857_FabricReel-transcode-poster-00001.html]
[weconsult.webflow.io/case-studies/identifying-cost-saving-opportunities-for-jp-morgan.html]
[weconsult.webflow.io/blog/designing-for-accessibility.html]
[weconsult.webflow.io/careers/ux-ui-designer.html]
[weconsult.webflow.io/careers/www.linkedin.html]
